0 info it worked if it ends with ok
1 verbose cli [ '/usr/bin/node', '/usr/bin/npm', 'run', 'dev' ]
2 info using npm@3.10.9
3 info using node@v7.1.0
4 verbose run-script [ 'predev', 'dev', 'postdev' ]
5 info lifecycle rpg@1.0.0~predev: rpg@1.0.0
6 silly lifecycle rpg@1.0.0~predev: no script for predev, continuing
7 info lifecycle rpg@1.0.0~dev: rpg@1.0.0
8 verbose lifecycle rpg@1.0.0~dev: unsafe-perm in lifecycle true
9 verbose lifecycle rpg@1.0.0~dev: PATH: /usr/lib/node_modules/npm/bin/node-gyp-bin:/home/garrett/notes/elm/rpg/node_modules/.bin:/home/garrett/.local/bin:/home/garrett/bin:/usr/local/sbin:/usr/local/bin:/usr/bin:/usr/lib/jvm/default/bin:/opt/opencascade/bin:/usr/bin/site_perl:/usr/bin/vendor_perl:/usr/bin/core_perl:/home/garrett/.cargo/bin:/home/garrett/projects/rst/target/release
10 verbose lifecycle rpg@1.0.0~dev: CWD: /home/garrett/notes/elm/rpg
11 silly lifecycle rpg@1.0.0~dev: Args: [ '-c', 'webpack-dev-server --port 3000' ]
12 silly lifecycle rpg@1.0.0~dev: Returned: code: 1  signal: null
13 info lifecycle rpg@1.0.0~dev: Failed to exec dev script
14 verbose stack Error: rpg@1.0.0 dev: `webpack-dev-server --port 3000`
14 verbose stack Exit status 1
14 verbose stack     at EventEmitter.<anonymous> (/usr/lib/node_modules/npm/lib/utils/lifecycle.js:255:16)
14 verbose stack     at emitTwo (events.js:106:13)
14 verbose stack     at EventEmitter.emit (events.js:191:7)
14 verbose stack     at ChildProcess.<anonymous> (/usr/lib/node_modules/npm/lib/utils/spawn.js:40:14)
14 verbose stack     at emitTwo (events.js:106:13)
14 verbose stack     at ChildProcess.emit (events.js:191:7)
14 verbose stack     at maybeClose (internal/child_process.js:885:16)
14 verbose stack     at Process.ChildProcess._handle.onexit (internal/child_process.js:226:5)
15 verbose pkgid rpg@1.0.0
16 verbose cwd /home/garrett/notes/elm/rpg
17 error Linux 4.4.30-1-lts
18 error argv "/usr/bin/node" "/usr/bin/npm" "run" "dev"
19 error node v7.1.0
20 error npm  v3.10.9
21 error code ELIFECYCLE
22 error rpg@1.0.0 dev: `webpack-dev-server --port 3000`
22 error Exit status 1
23 error Failed at the rpg@1.0.0 dev script 'webpack-dev-server --port 3000'.
23 error Make sure you have the latest version of node.js and npm installed.
23 error If you do, this is most likely a problem with the rpg package,
23 error not with npm itself.
23 error Tell the author that this fails on your system:
23 error     webpack-dev-server --port 3000
23 error You can get information on how to open an issue for this project with:
23 error     npm bugs rpg
23 error Or if that isn't available, you can get their info via:
23 error     npm owner ls rpg
23 error There is likely additional logging output above.
24 verbose exit [ 1, true ]
